This is pdfTeX, Version 3.14159265-2.6-1.40.18 (TeX Live 2017/Debian) (preloaded format=latex 2020.5.6)  1 DEC 2022 10:19
entering extended mode
 restricted \write18 enabled.
 %&-line parsing enabled.
**epigraph.ins
(./epigraph.ins
LaTeX2e <2017-04-15>
Babel <3.18> and hyphenation patterns for 7 language(s) loaded.
(/usr/share/texlive/texmf-dist/tex/latex/base/docstrip.tex
\blockLevel=\count79
\emptyLines=\count80
\processedLines=\count81
\commentsRemoved=\count82
\commentsPassed=\count83
\codeLinesPassed=\count84
\TotalprocessedLines=\count85
\TotalcommentsRemoved=\count86
\TotalcommentsPassed=\count87
\TotalcodeLinesPassed=\count88
\NumberOfFiles=\count89
\inFile=\read1
\inputcheck=\read2
\off@0=\count90
\off@1=\count91
\off@2=\count92
\off@3=\count93
\off@4=\count94
\off@5=\count95
\off@6=\count96
\off@7=\count97
\off@8=\count98
\off@9=\count99
\off@10=\count100
\off@11=\count101
\off@12=\count102
\off@13=\count103
\off@14=\count104
\off@15=\count105
\@maxfiles=\count106
\@maxoutfiles=\count107

Utility: `docstrip' 2.5e <2014/09/29>
English documentation    <2017/03/13>

**********************************************************
* This program converts documented macro-files into fast *
* loadable files by stripping off (nearly) all comments! *
**********************************************************

********************************************************
* No Configuration file found, using default settings. *
********************************************************

(./epigraph.ins
*** Generating the LaTeX2e package files ***

Generating file(s) ./epigraph.sty 
\openout0 = `./epigraph.sty'.


Processing file epigraph.dtx (usc) -> epigraph.sty
File epigraph.dtx ended by \endinput.
Lines  processed: 824
Comments removed: 704
Comments  passed: 0
Codelines passed: 116

***********************************************************
*
* To finish the installation you have to move the following
* file(s) into a directory searched by TeX:
*
*   epigraph.sty
*
*
* To produce the documentation run the files ending with
* `.dtx' through LaTeX.
* Process any name.idx file by:
*     makeindex -s gind.ist name
* Process any name.glo file by:
*     makeindex -s gglo.ist -o name.gls name.glo
*
* Happy TeXing
***********************************************************
) ) ) 
Here is how much of TeX's memory you used:
 311 strings out of 494848
 3173 string characters out of 6179107
 54427 words of memory out of 5000000
 3728 multiletter control sequences out of 15000+600000
 3640 words of font info for 14 fonts, out of 8000000 for 9000
 59 hyphenation exceptions out of 8191
 15i,0n,15p,201b,116s stack positions out of 5000i,500n,10000p,200000b,80000s

No pages of output.
